<?xml version="1.0" encoding="UTF-8"?>
<!-- Generated by org.testng.reporters.JUnitXMLReporter -->
<testsuite ignored="0" hostname="LAPTOP-54D74TJQ" failures="1" tests="4" name="Test" time="54.69" errors="0" timestamp="2024-05-13T00:38:42 MDT">
  <testcase classname="com.zstore.testcases.TC_AddProduct" name="verifySearchProduct" time="17.732"/>
  <testcase classname="com.zstore.testcases.TC_LoginTestDataDriven" name="loginVerify" time="7.972"/>
  <testcase classname="com.zstore.testcases.TC_LoginTestDataDriven" name="loginVerify" time="6.062"/>
  <testcase classname="com.zstore.testcases.TC_MyAccountPageTest" name="verifyRegistrationLogin" time="11.074">
    <failure type="org.openqa.selenium.ElementClickInterceptedException" message="element click intercepted: Element &amp;lt;button type=&amp;quot;submit&amp;quot; data-qa=&amp;quot;create-account&amp;quot; class=&amp;quot;btn btn-default&amp;quot;&amp;gt;...&amp;lt;/button&amp;gt; is not clickable at point (359, 662). Other element would receive the click: &amp;lt;div id=&amp;quot;aswift_2_host&amp;quot; style=&amp;quot;border: none !important; height: 90px !important; width: 100% !important; margin: 0px !important; padding: 0px !important; position: relative !important; visibility: visible !important; background-color: transparent !important; display: inline-block !important; inset: auto !important; clear: none !important; float: none !important; max-height: none !important; max-width: none !important; opacity: 1 !important; overflow: visible !important; vertical-align: baseline !important; z-index: auto !important;&amp;quot;&amp;gt;...&amp;lt;/div&amp;gt;
  (Session info: chrome=124.0.6367.119)
Build info: version: &amp;apos;4.20.0&amp;apos;, revision: &amp;apos;866c76ca80&amp;apos;
System info: os.name: &amp;apos;Windows 11&amp;apos;, os.arch: &amp;apos;amd64&amp;apos;, os.version: &amp;apos;10.0&amp;apos;, java.version: &amp;apos;17.0.10&amp;apos;
Driver info: org.openqa.selenium.chrome.ChromeDriver
Command: [7e9aac5ec6cc757fa1ae23c856af8d18, clickElement {id=f.619DDCA4012C6A9E06F0A8FCB17FFB81.d.81BECF022D65BFD45F1073AD685C78DC.e.84}]
Capabilities {acceptInsecureCerts: false, browserName: chrome, browserVersion: 124.0.6367.119, chrome: {chromedriverVersion: 124.0.6367.201 (46cf136d27d..., userDataDir: C:\Users\hsaji\AppData\Loca...}, fedcm:accounts: true, goog:chromeOptions: {debuggerAddress: localhost:49906}, networkConnectionEnabled: false, pageLoadStrategy: normal, platformName: windows, proxy: Proxy(), se:cdp: ws://localhost:49906/devtoo..., se:cdpVersion: 124.0.6367.119, setWindowRect: true, strictFileInteractability: false, timeouts: {implicit: 0, pageLoad: 300000, script: 30000}, unhandledPromptBehavior: dismiss and notify, webauthn:extension:credBlob: true, webauthn:extension:largeBlob: true, webauthn:extension:minPinLength: true, webauthn:extension:prf: true, webauthn:virtualAuthenticators: true}
Element: [[ChromeDriver: chrome on windows (7e9aac5ec6cc757fa1ae23c856af8d18)] -&amp;gt; xpath: //*[@id=&amp;quot;form&amp;quot;]/div/div/div/div/form/button]
Session ID: 7e9aac5ec6cc757fa1ae23c856af8d18">
      <![CDATA[org.openqa.selenium.ElementClickInterceptedException: element click intercepted: Element <button type="submit" data-qa="create-account" class="btn btn-default">...</button> is not clickable at point (359, 662). Other element would receive the click: <div id="aswift_2_host" style="border: none !important; height: 90px !important; width: 100% !important; margin: 0px !important; padding: 0px !important; position: relative !important; visibility: visible !important; background-color: transparent !important; display: inline-block !important; inset: auto !important; clear: none !important; float: none !important; max-height: none !important; max-width: none !important; opacity: 1 !important; overflow: visible !important; vertical-align: baseline !important; z-index: auto !important;">...</div>
  (Session info: chrome=124.0.6367.119)
Build info: version: '4.20.0', revision: '866c76ca80'
System info: os.name: 'Windows 11', os.arch: 'amd64', os.version: '10.0', java.version: '17.0.10'
Driver info: org.openqa.selenium.chrome.ChromeDriver
Command: [7e9aac5ec6cc757fa1ae23c856af8d18, clickElement {id=f.619DDCA4012C6A9E06F0A8FCB17FFB81.d.81BECF022D65BFD45F1073AD685C78DC.e.84}]
Capabilities {acceptInsecureCerts: false, browserName: chrome, browserVersion: 124.0.6367.119, chrome: {chromedriverVersion: 124.0.6367.201 (46cf136d27d..., userDataDir: C:\Users\hsaji\AppData\Loca...}, fedcm:accounts: true, goog:chromeOptions: {debuggerAddress: localhost:49906}, networkConnectionEnabled: false, pageLoadStrategy: normal, platformName: windows, proxy: Proxy(), se:cdp: ws://localhost:49906/devtoo..., se:cdpVersion: 124.0.6367.119, setWindowRect: true, strictFileInteractability: false, timeouts: {implicit: 0, pageLoad: 300000, script: 30000}, unhandledPromptBehavior: dismiss and notify, webauthn:extension:credBlob: true, webauthn:extension:largeBlob: true, webauthn:extension:minPinLength: true, webauthn:extension:prf: true, webauthn:virtualAuthenticators: true}
Element: [[ChromeDriver: chrome on windows (7e9aac5ec6cc757fa1ae23c856af8d18)] -> xpath: //*[@id="form"]/div/div/div/div/form/button]
Session ID: 7e9aac5ec6cc757fa1ae23c856af8d18
at org.openqa.selenium.remote.ErrorCodec.decode(ErrorCodec.java:167)
at org.openqa.selenium.remote.codec.w3c.W3CHttpResponseCodec.decode(W3CHttpResponseCodec.java:138)
at org.openqa.selenium.remote.codec.w3c.W3CHttpResponseCodec.decode(W3CHttpResponseCodec.java:50)
at org.openqa.selenium.remote.HttpCommandExecutor.execute(HttpCommandExecutor.java:190)
at org.openqa.selenium.remote.service.DriverCommandExecutor.invokeExecute(DriverCommandExecutor.java:216)
at org.openqa.selenium.remote.service.DriverCommandExecutor.execute(DriverCommandExecutor.java:174)
at org.openqa.selenium.remote.RemoteWebDriver.execute(RemoteWebDriver.java:518)
at org.openqa.selenium.remote.RemoteWebElement.execute(RemoteWebElement.java:223)
at org.openqa.selenium.remote.RemoteWebElement.click(RemoteWebElement.java:76)
at org.openqa.selenium.support.pagefactory.internal.LocatingElementHandler.invoke(LocatingElementHandler.java:51)
at jdk.proxy2/jdk.proxy2.$Proxy18.click(Unknown Source)
at com.zstore.pageobject.AccountCreationDetails.clickCreateAccount(AccountCreationDetails.java:107)
at com.zstore.testcases.TC_MyAccountPageTest.verifyRegistrationLogin(TC_MyAccountPageTest.java:70)
at java.base/java.util.ArrayList.forEach(ArrayList.java:1511)
... Removed 36 stack frames]]>
    </failure>
  </testcase> <!-- verifyRegistrationLogin -->
</testsuite> <!-- Test -->
