<?xml version="1.0" encoding="UTF-8"?>
<testng-results ignored="0" total="4" passed="3" failed="1" skipped="0">
  <reporter-output>
  </reporter-output>
  <suite started-at="2024-05-13T01:38:37 MDT" name="Suite" finished-at="2024-05-13T01:39:34 MDT" duration-ms="57295">
    <groups>
    </groups>
    <test started-at="2024-05-13T01:38:37 MDT" name="Test" finished-at="2024-05-13T01:39:34 MDT" duration-ms="57295">
      <class name="com.zstore.testcases.TC_MyAccountPageTest">
        <test-method is-config="true" signature="setup()[pri:0, instance:com.zstore.testcases.TC_MyAccountPageTest@5b8dfcc1]" started-at="2024-05-13T01:39:20 MDT" name="setup" finished-at="2024-05-13T01:39:23 MDT" duration-ms="3275" status="PASS">
          <reporter-output>
          </reporter-output>
        </test-method> <!-- setup -->
        <test-method signature="verifyRegistrationLogin()[pri:0, instance:com.zstore.testcases.TC_MyAccountPageTest@5b8dfcc1]" started-at="2024-05-13T01:39:23 MDT" name="verifyRegistrationLogin" finished-at="2024-05-13T01:39:34 MDT" duration-ms="10161" status="FAIL">
          <exception class="org.openqa.selenium.ElementClickInterceptedException">
            <message>
              <![CDATA[element click intercepted: Element <button type="submit" data-qa="create-account" class="btn btn-default">...</button> is not clickable at point (359, 662). Other element would receive the click: <div id="aswift_2_host" style="border: none !important; height: 90px !important; width: 100% !important; margin: 0px !important; padding: 0px !important; position: relative !important; visibility: visible !important; background-color: transparent !important; display: inline-block !important; inset: auto !important; clear: none !important; float: none !important; max-height: none !important; max-width: none !important; opacity: 1 !important; overflow: visible !important; vertical-align: baseline !important; z-index: auto !important;">...</div>
  (Session info: chrome=124.0.6367.119)
Build info: version: '4.20.0', revision: '866c76ca80'
System info: os.name: 'Windows 11', os.arch: 'amd64', os.version: '10.0', java.version: '17.0.10'
Driver info: org.openqa.selenium.chrome.ChromeDriver
Command: [8cb788159fd274df48eceb864076b79b, clickElement {id=f.DE0F8DA74C701AD3C4B3F313CF993F18.d.DC6B35A88C6B7D5392DAB1A6E198B681.e.83}]
Capabilities {acceptInsecureCerts: false, browserName: chrome, browserVersion: 124.0.6367.119, chrome: {chromedriverVersion: 124.0.6367.201 (46cf136d27d..., userDataDir: C:\Users\hsaji\AppData\Loca...}, fedcm:accounts: true, goog:chromeOptions: {debuggerAddress: localhost:58006}, networkConnectionEnabled: false, pageLoadStrategy: normal, platformName: windows, proxy: Proxy(), se:cdp: ws://localhost:58006/devtoo..., se:cdpVersion: 124.0.6367.119, setWindowRect: true, strictFileInteractability: false, timeouts: {implicit: 0, pageLoad: 300000, script: 30000}, unhandledPromptBehavior: dismiss and notify, webauthn:extension:credBlob: true, webauthn:extension:largeBlob: true, webauthn:extension:minPinLength: true, webauthn:extension:prf: true, webauthn:virtualAuthenticators: true}
Element: [[ChromeDriver: chrome on windows (8cb788159fd274df48eceb864076b79b)] -> xpath: //*[@id="form"]/div/div/div/div/form/button]
Session ID: 8cb788159fd274df48eceb864076b79b]]>
            </message>
            <full-stacktrace>
              <![CDATA[org.openqa.selenium.ElementClickInterceptedException: element click intercepted: Element <button type="submit" data-qa="create-account" class="btn btn-default">...</button> is not clickable at point (359, 662). Other element would receive the click: <div id="aswift_2_host" style="border: none !important; height: 90px !important; width: 100% !important; margin: 0px !important; padding: 0px !important; position: relative !important; visibility: visible !important; background-color: transparent !important; display: inline-block !important; inset: auto !important; clear: none !important; float: none !important; max-height: none !important; max-width: none !important; opacity: 1 !important; overflow: visible !important; vertical-align: baseline !important; z-index: auto !important;">...</div>
  (Session info: chrome=124.0.6367.119)
Build info: version: '4.20.0', revision: '866c76ca80'
System info: os.name: 'Windows 11', os.arch: 'amd64', os.version: '10.0', java.version: '17.0.10'
Driver info: org.openqa.selenium.chrome.ChromeDriver
Command: [8cb788159fd274df48eceb864076b79b, clickElement {id=f.DE0F8DA74C701AD3C4B3F313CF993F18.d.DC6B35A88C6B7D5392DAB1A6E198B681.e.83}]
Capabilities {acceptInsecureCerts: false, browserName: chrome, browserVersion: 124.0.6367.119, chrome: {chromedriverVersion: 124.0.6367.201 (46cf136d27d..., userDataDir: C:\Users\hsaji\AppData\Loca...}, fedcm:accounts: true, goog:chromeOptions: {debuggerAddress: localhost:58006}, networkConnectionEnabled: false, pageLoadStrategy: normal, platformName: windows, proxy: Proxy(), se:cdp: ws://localhost:58006/devtoo..., se:cdpVersion: 124.0.6367.119, setWindowRect: true, strictFileInteractability: false, timeouts: {implicit: 0, pageLoad: 300000, script: 30000}, unhandledPromptBehavior: dismiss and notify, webauthn:extension:credBlob: true, webauthn:extension:largeBlob: true, webauthn:extension:minPinLength: true, webauthn:extension:prf: true, webauthn:virtualAuthenticators: true}
Element: [[ChromeDriver: chrome on windows (8cb788159fd274df48eceb864076b79b)] -> xpath: //*[@id="form"]/div/div/div/div/form/button]
Session ID: 8cb788159fd274df48eceb864076b79b
at java.base/jdk.internal.reflect.NativeConstructorAccessorImpl.newInstance0(Native Method)
at java.base/jdk.internal.reflect.NativeConstructorAccessorImpl.newInstance(NativeConstructorAccessorImpl.java:77)
at java.base/jdk.internal.reflect.DelegatingConstructorAccessorImpl.newInstance(DelegatingConstructorAccessorImpl.java:45)
at java.base/java.lang.reflect.Constructor.newInstanceWithCaller(Constructor.java:499)
at java.base/java.lang.reflect.Constructor.newInstance(Constructor.java:480)
at org.openqa.selenium.remote.ErrorCodec.decode(ErrorCodec.java:167)
at org.openqa.selenium.remote.codec.w3c.W3CHttpResponseCodec.decode(W3CHttpResponseCodec.java:138)
at org.openqa.selenium.remote.codec.w3c.W3CHttpResponseCodec.decode(W3CHttpResponseCodec.java:50)
at org.openqa.selenium.remote.HttpCommandExecutor.execute(HttpCommandExecutor.java:190)
at org.openqa.selenium.remote.service.DriverCommandExecutor.invokeExecute(DriverCommandExecutor.java:216)
at org.openqa.selenium.remote.service.DriverCommandExecutor.execute(DriverCommandExecutor.java:174)
at org.openqa.selenium.remote.RemoteWebDriver.execute(RemoteWebDriver.java:518)
at org.openqa.selenium.remote.RemoteWebElement.execute(RemoteWebElement.java:223)
at org.openqa.selenium.remote.RemoteWebElement.click(RemoteWebElement.java:76)
at java.base/jdk.internal.reflect.NativeMethodAccessorImpl.invoke0(Native Method)
at java.base/jdk.internal.reflect.NativeMethodAccessorImpl.invoke(NativeMethodAccessorImpl.java:77)
at java.base/jdk.internal.reflect.DelegatingMethodAccessorImpl.invoke(DelegatingMethodAccessorImpl.java:43)
at java.base/java.lang.reflect.Method.invoke(Method.java:568)
at org.openqa.selenium.support.pagefactory.internal.LocatingElementHandler.invoke(LocatingElementHandler.java:51)
at jdk.proxy2/jdk.proxy2.$Proxy15.click(Unknown Source)
at com.zstore.pageobject.AccountCreationDetails.clickCreateAccount(AccountCreationDetails.java:128)
at com.zstore.testcases.TC_MyAccountPageTest.verifyRegistrationLogin(TC_MyAccountPageTest.java:84)
at java.base/jdk.internal.reflect.NativeMethodAccessorImpl.invoke0(Native Method)
at java.base/jdk.internal.reflect.NativeMethodAccessorImpl.invoke(NativeMethodAccessorImpl.java:77)
at java.base/jdk.internal.reflect.DelegatingMethodAccessorImpl.invoke(DelegatingMethodAccessorImpl.java:43)
at java.base/java.lang.reflect.Method.invoke(Method.java:568)
at org.testng.internal.invokers.MethodInvocationHelper.invokeMethod(MethodInvocationHelper.java:141)
at org.testng.internal.invokers.TestInvoker.invokeMethod(TestInvoker.java:686)
at org.testng.internal.invokers.TestInvoker.invokeTestMethod(TestInvoker.java:230)
at org.testng.internal.invokers.MethodRunner.runInSequence(MethodRunner.java:63)
at org.testng.internal.invokers.TestInvoker$MethodInvocationAgent.invoke(TestInvoker.java:992)
at org.testng.internal.invokers.TestInvoker.invokeTestMethods(TestInvoker.java:203)
at org.testng.internal.invokers.TestMethodWorker.invokeTestMethods(TestMethodWorker.java:154)
at org.testng.internal.invokers.TestMethodWorker.run(TestMethodWorker.java:134)
at java.base/java.util.ArrayList.forEach(ArrayList.java:1511)
at org.testng.TestRunner.privateRun(TestRunner.java:739)
at org.testng.TestRunner.run(TestRunner.java:614)
at org.testng.SuiteRunner.runTest(SuiteRunner.java:421)
at org.testng.SuiteRunner.runSequentially(SuiteRunner.java:413)
at org.testng.SuiteRunner.privateRun(SuiteRunner.java:373)
at org.testng.SuiteRunner.run(SuiteRunner.java:312)
at org.testng.SuiteRunnerWorker.runSuite(SuiteRunnerWorker.java:52)
at org.testng.SuiteRunnerWorker.run(SuiteRunnerWorker.java:95)
at org.testng.TestNG.runSuitesSequentially(TestNG.java:1274)
at org.testng.TestNG.runSuitesLocally(TestNG.java:1208)
at org.testng.TestNG.runSuites(TestNG.java:1112)
at org.testng.TestNG.run(TestNG.java:1079)
at org.apache.maven.surefire.testng.TestNGExecutor.run(TestNGExecutor.java:324)
at org.apache.maven.surefire.testng.TestNGXmlTestSuite.execute(TestNGXmlTestSuite.java:74)
at org.apache.maven.surefire.testng.TestNGProvider.invoke(TestNGProvider.java:123)
at org.apache.maven.surefire.booter.ForkedBooter.runSuitesInProcess(ForkedBooter.java:456)
at org.apache.maven.surefire.booter.ForkedBooter.execute(ForkedBooter.java:169)
at org.apache.maven.surefire.booter.ForkedBooter.run(ForkedBooter.java:595)
at org.apache.maven.surefire.booter.ForkedBooter.main(ForkedBooter.java:581)
]]>
            </full-stacktrace>
          </exception> <!-- org.openqa.selenium.ElementClickInterceptedException -->
          <reporter-output>
          </reporter-output>
        </test-method> <!-- verifyRegistrationLogin -->
        <test-method is-config="true" signature="tearDown()[pri:0, instance:com.zstore.testcases.TC_MyAccountPageTest@5b8dfcc1]" started-at="2024-05-13T01:39:34 MDT" name="tearDown" finished-at="2024-05-13T01:39:34 MDT" duration-ms="255" status="PASS">
          <reporter-output>
          </reporter-output>
        </test-method> <!-- tearDown -->
      </class> <!-- com.zstore.testcases.TC_MyAccountPageTest -->
      <class name="com.zstore.testcases.TC_LoginTestDataDriven">
        <test-method is-config="true" signature="setup()[pri:0, instance:com.zstore.testcases.TC_LoginTestDataDriven@72967906]" started-at="2024-05-13T01:39:02 MDT" name="setup" finished-at="2024-05-13T01:39:05 MDT" duration-ms="3125" status="PASS">
          <reporter-output>
          </reporter-output>
        </test-method> <!-- setup -->
        <test-method signature="loginVerify(java.lang.String,java.lang.String,java.lang.String)[pri:0, instance:com.zstore.testcases.TC_LoginTestDataDriven@72967906]" started-at="2024-05-13T01:39:05 MDT" name="loginVerify" data-provider="LoginDataProvider" finished-at="2024-05-13T01:39:13 MDT" duration-ms="7715" status="PASS">
          <params>
            <param index="0">
              <value>
                <![CDATA[dave002@yahoo.com]]>
              </value>
            </param>
            <param index="1">
              <value>
                <![CDATA[Test@1234]]>
              </value>
            </param>
            <param index="2">
              <value>
                <![CDATA[Dave]]>
              </value>
            </param>
          </params>
          <reporter-output>
          </reporter-output>
        </test-method> <!-- loginVerify -->
        <test-method signature="loginVerify(java.lang.String,java.lang.String,java.lang.String)[pri:0, instance:com.zstore.testcases.TC_LoginTestDataDriven@72967906]" started-at="2024-05-13T01:39:13 MDT" name="loginVerify" data-provider="LoginDataProvider" finished-at="2024-05-13T01:39:20 MDT" duration-ms="6833" status="PASS">
          <params>
            <param index="0">
              <value>
                <![CDATA[dondon255@yahoo.com]]>
              </value>
            </param>
            <param index="1">
              <value>
                <![CDATA[Test@1234]]>
              </value>
            </param>
            <param index="2">
              <value>
                <![CDATA[Landen Haris]]>
              </value>
            </param>
          </params>
          <reporter-output>
          </reporter-output>
        </test-method> <!-- loginVerify -->
        <test-method is-config="true" signature="tearDown()[pri:0, instance:com.zstore.testcases.TC_LoginTestDataDriven@72967906]" started-at="2024-05-13T01:39:20 MDT" name="tearDown" finished-at="2024-05-13T01:39:20 MDT" duration-ms="281" status="PASS">
          <reporter-output>
          </reporter-output>
        </test-method> <!-- tearDown -->
      </class> <!-- com.zstore.testcases.TC_LoginTestDataDriven -->
      <class name="com.zstore.testcases.TC_AddProduct">
        <test-method is-config="true" signature="setup()[pri:0, instance:com.zstore.testcases.TC_AddProduct@4efbca5a]" started-at="2024-05-13T01:38:37 MDT" name="setup" finished-at="2024-05-13T01:38:40 MDT" duration-ms="2936" status="PASS">
          <reporter-output>
          </reporter-output>
        </test-method> <!-- setup -->
        <test-method signature="verifySearchProduct()[pri:0, instance:com.zstore.testcases.TC_AddProduct@4efbca5a]" started-at="2024-05-13T01:38:40 MDT" name="verifySearchProduct" finished-at="2024-05-13T01:39:01 MDT" duration-ms="21647" status="PASS">
          <reporter-output>
          </reporter-output>
        </test-method> <!-- verifySearchProduct -->
        <test-method is-config="true" signature="tearDown()[pri:0, instance:com.zstore.testcases.TC_AddProduct@4efbca5a]" started-at="2024-05-13T01:39:01 MDT" name="tearDown" finished-at="2024-05-13T01:39:02 MDT" duration-ms="230" status="PASS">
          <reporter-output>
          </reporter-output>
        </test-method> <!-- tearDown -->
      </class> <!-- com.zstore.testcases.TC_AddProduct -->
    </test> <!-- Test -->
  </suite> <!-- Suite -->
</testng-results>
