<?xml version="1.0" encoding="UTF-8"?>
<testng-results ignored="0" total="1" passed="1" failed="0" skipped="0">
  <reporter-output>
  </reporter-output>
  <suite started-at="2024-05-13T01:37:56 MDT" name="Default suite" finished-at="2024-05-13T01:38:14 MDT" duration-ms="17551">
    <groups>
    </groups>
    <test started-at="2024-05-13T01:37:56 MDT" name="Default test" finished-at="2024-05-13T01:38:14 MDT" duration-ms="17551">
      <class name="com.zstore.testcases.TC_MyAccountPageTest">
        <test-method is-config="true" signature="setup()[pri:0, instance:com.zstore.testcases.TC_MyAccountPageTest@2cd76f31]" started-at="2024-05-13T01:37:56 MDT" name="setup" finished-at="2024-05-13T01:38:00 MDT" duration-ms="3850" status="PASS">
          <reporter-output>
          </reporter-output>
        </test-method> <!-- setup -->
        <test-method signature="verifyRegistrationLogin()[pri:0, instance:com.zstore.testcases.TC_MyAccountPageTest@2cd76f31]" started-at="2024-05-13T01:38:00 MDT" name="verifyRegistrationLogin" finished-at="2024-05-13T01:38:13 MDT" duration-ms="12638" status="PASS">
          <reporter-output>
          </reporter-output>
        </test-method> <!-- verifyRegistrationLogin -->
        <test-method is-config="true" signature="tearDown()[pri:0, instance:com.zstore.testcases.TC_MyAccountPageTest@2cd76f31]" started-at="2024-05-13T01:38:13 MDT" name="tearDown" finished-at="2024-05-13T01:38:14 MDT" duration-ms="1032" status="PASS">
          <reporter-output>
          </reporter-output>
        </test-method> <!-- tearDown -->
      </class> <!-- com.zstore.testcases.TC_MyAccountPageTest -->
    </test> <!-- Default test -->
  </suite> <!-- Default suite -->
</testng-results>
